DEBUG - 2026-04-15 16:42:54 --> Session: Class initialized using 'CodeIgniter\Session\Handlers\FileHandler' driver.
DEBUG - 2026-04-15 16:42:58 --> Session: Class initialized using 'CodeIgniter\Session\Handlers\FileHandler' driver.
DEBUG - 2026-04-15 16:42:59 --> Session: Class initialized using 'CodeIgniter\Session\Handlers\FileHandler' driver.
DEBUG - 2026-04-15 16:43:03 --> Session: Class initialized using 'CodeIgniter\Session\Handlers\FileHandler' driver.
DEBUG - 2026-04-15 16:43:04 --> Session: Class initialized using 'CodeIgniter\Session\Handlers\FileHandler' driver.
DEBUG - 2026-04-15 16:43:08 --> Session: Class initialized using 'CodeIgniter\Session\Handlers\FileHandler' driver.
DEBUG - 2026-04-15 16:43:10 --> Session: Class initialized using 'CodeIgniter\Session\Handlers\FileHandler' driver.
DEBUG - 2026-04-15 16:43:14 --> Session: Class initialized using 'CodeIgniter\Session\Handlers\FileHandler' driver.
DEBUG - 2026-04-15 16:43:18 --> Session: Class initialized using 'CodeIgniter\Session\Handlers\FileHandler' driver.
DEBUG - 2026-04-15 17:39:49 --> Session: Class initialized using 'CodeIgniter\Session\Handlers\FileHandler' driver.
DEBUG - 2026-04-15 17:39:55 --> Session: Class initialized using 'CodeIgniter\Session\Handlers\FileHandler' driver.
DEBUG - 2026-04-15 17:39:56 --> Session: Class initialized using 'CodeIgniter\Session\Handlers\FileHandler' driver.
DEBUG - 2026-04-15 17:39:59 --> Session: Class initialized using 'CodeIgniter\Session\Handlers\FileHandler' driver.
DEBUG - 2026-04-15 17:52:03 --> Session: Class initialized using 'CodeIgniter\Session\Handlers\FileHandler' driver.
DEBUG - 2026-04-15 17:52:08 --> Session: Class initialized using 'CodeIgniter\Session\Handlers\FileHandler' driver.
DEBUG - 2026-04-15 17:52:11 --> Session: Class initialized using 'CodeIgniter\Session\Handlers\FileHandler' driver.
DEBUG - 2026-04-15 17:52:13 --> Session: Class initialized using 'CodeIgniter\Session\Handlers\FileHandler' driver.
DEBUG - 2026-04-15 17:52:15 --> Session: Class initialized using 'CodeIgniter\Session\Handlers\FileHandler' driver.
ERROR - 2026-04-15 17:52:23 --> mysqli_sql_exception: Table 'simpustaka.buku' doesn't exist in C:\xampp\htdocs\SIMPUSTAKA\system\Database\MySQLi\Connection.php:327
Stack trace:
#0 C:\xampp\htdocs\SIMPUSTAKA\system\Database\MySQLi\Connection.php(327): mysqli->query('SELECT `buku`.*...', 0)
#1 C:\xampp\htdocs\SIMPUSTAKA\system\Database\BaseConnection.php(729): CodeIgniter\Database\MySQLi\Connection->execute('SELECT `buku`.*...')
#2 C:\xampp\htdocs\SIMPUSTAKA\system\Database\BaseConnection.php(646): CodeIgniter\Database\BaseConnection->simpleQuery('SELECT `buku`.*...')
#3 C:\xampp\htdocs\SIMPUSTAKA\system\Database\BaseBuilder.php(1649): CodeIgniter\Database\BaseConnection->query('SELECT `buku`.*...', Array, false)
#4 C:\xampp\htdocs\SIMPUSTAKA\app\Controllers\BukuController.php(41): CodeIgniter\Database\BaseBuilder->get()
#5 C:\xampp\htdocs\SIMPUSTAKA\system\CodeIgniter.php(933): App\Controllers\BukuController->index()
#6 C:\xampp\htdocs\SIMPUSTAKA\system\CodeIgniter.php(507): CodeIgniter\CodeIgniter->runController(Object(App\Controllers\BukuController))
#7 C:\xampp\htdocs\SIMPUSTAKA\system\CodeIgniter.php(354): CodeIgniter\CodeIgniter->handleRequest(NULL, Object(Config\Cache), false)
#8 C:\xampp\htdocs\SIMPUSTAKA\system\Boot.php(363): CodeIgniter\CodeIgniter->run()
#9 C:\xampp\htdocs\SIMPUSTAKA\system\Boot.php(68): CodeIgniter\Boot::runCodeIgniter(Object(CodeIgniter\CodeIgniter))
#10 C:\xampp\htdocs\SIMPUSTAKA\index.php(59): CodeIgniter\Boot::bootWeb(Object(Config\Paths))
#11 {main}
CRITICAL - 2026-04-15 17:52:23 --> CodeIgniter\Database\Exceptions\DatabaseException: Table 'simpustaka.buku' doesn't exist
[Method: GET, Route: buku]
in SYSTEMPATH\Database\BaseConnection.php on line 684.
 1 SYSTEMPATH\Database\BaseBuilder.php(1649): CodeIgniter\Database\BaseConnection->query('SELECT `buku`.*, `kategori`.`nama_kategori`, `penulis`.`nama_penulis`, `penerbit`.`nama_penerbit`
FROM `buku`
JOIN `kategori` ON `kategori`.`id_kategori` = `buku`.`id_kategori`
JOIN `penulis` ON `penulis`.`id_penulis` = `buku`.`id_penulis`
JOIN `penerbit` ON `penerbit`.`id_penerbit` = `buku`.`id_penerbit`', [], false)
 2 APPPATH\Controllers\BukuController.php(41): CodeIgniter\Database\BaseBuilder->get()
 3 SYSTEMPATH\CodeIgniter.php(933): App\Controllers\BukuController->index()
 4 SYSTEMPATH\CodeIgniter.php(507): CodeIgniter\CodeIgniter->runController(Object(App\Controllers\BukuController))
 5 SYSTEMPATH\CodeIgniter.php(354): CodeIgniter\CodeIgniter->handleRequest(null, Object(Config\Cache), false)
 6 SYSTEMPATH\Boot.php(363): CodeIgniter\CodeIgniter->run()
 7 SYSTEMPATH\Boot.php(68): CodeIgniter\Boot::runCodeIgniter(Object(CodeIgniter\CodeIgniter))
 8 FCPATH\index.php(59): CodeIgniter\Boot::bootWeb(Object(Config\Paths))
CRITICAL - 2026-04-15 17:52:23 --> [Caused by] CodeIgniter\Database\Exceptions\DatabaseException: Table 'simpustaka.buku' doesn't exist
in SYSTEMPATH\Database\MySQLi\Connection.php on line 332.
 1 SYSTEMPATH\Database\BaseConnection.php(729): CodeIgniter\Database\MySQLi\Connection->execute('SELECT `buku`.*, `kategori`.`nama_kategori`, `penulis`.`nama_penulis`, `penerbit`.`nama_penerbit`
FROM `buku`
JOIN `kategori` ON `kategori`.`id_kategori` = `buku`.`id_kategori`
JOIN `penulis` ON `penulis`.`id_penulis` = `buku`.`id_penulis`
JOIN `penerbit` ON `penerbit`.`id_penerbit` = `buku`.`id_penerbit`')
 2 SYSTEMPATH\Database\BaseConnection.php(646): CodeIgniter\Database\BaseConnection->simpleQuery('SELECT `buku`.*, `kategori`.`nama_kategori`, `penulis`.`nama_penulis`, `penerbit`.`nama_penerbit`
FROM `buku`
JOIN `kategori` ON `kategori`.`id_kategori` = `buku`.`id_kategori`
JOIN `penulis` ON `penulis`.`id_penulis` = `buku`.`id_penulis`
JOIN `penerbit` ON `penerbit`.`id_penerbit` = `buku`.`id_penerbit`')
 3 SYSTEMPATH\Database\BaseBuilder.php(1649): CodeIgniter\Database\BaseConnection->query('SELECT `buku`.*, `kategori`.`nama_kategori`, `penulis`.`nama_penulis`, `penerbit`.`nama_penerbit`
FROM `buku`
JOIN `kategori` ON `kategori`.`id_kategori` = `buku`.`id_kategori`
JOIN `penulis` ON `penulis`.`id_penulis` = `buku`.`id_penulis`
JOIN `penerbit` ON `penerbit`.`id_penerbit` = `buku`.`id_penerbit`', [], false)
 4 APPPATH\Controllers\BukuController.php(41): CodeIgniter\Database\BaseBuilder->get()
 5 SYSTEMPATH\CodeIgniter.php(933): App\Controllers\BukuController->index()
 6 SYSTEMPATH\CodeIgniter.php(507): CodeIgniter\CodeIgniter->runController(Object(App\Controllers\BukuController))
 7 SYSTEMPATH\CodeIgniter.php(354): CodeIgniter\CodeIgniter->handleRequest(null, Object(Config\Cache), false)
 8 SYSTEMPATH\Boot.php(363): CodeIgniter\CodeIgniter->run()
 9 SYSTEMPATH\Boot.php(68): CodeIgniter\Boot::runCodeIgniter(Object(CodeIgniter\CodeIgniter))
10 FCPATH\index.php(59): CodeIgniter\Boot::bootWeb(Object(Config\Paths))
CRITICAL - 2026-04-15 17:52:23 --> [Caused by] mysqli_sql_exception: Table 'simpustaka.buku' doesn't exist
in SYSTEMPATH\Database\MySQLi\Connection.php on line 327.
 1 SYSTEMPATH\Database\MySQLi\Connection.php(327): mysqli->query('SELECT `buku`.*, `kategori`.`nama_kategori`, `penulis`.`nama_penulis`, `penerbit`.`nama_penerbit`
FROM `buku`
JOIN `kategori` ON `kategori`.`id_kategori` = `buku`.`id_kategori`
JOIN `penulis` ON `penulis`.`id_penulis` = `buku`.`id_penulis`
JOIN `penerbit` ON `penerbit`.`id_penerbit` = `buku`.`id_penerbit`', 0)
 2 SYSTEMPATH\Database\BaseConnection.php(729): CodeIgniter\Database\MySQLi\Connection->execute('SELECT `buku`.*, `kategori`.`nama_kategori`, `penulis`.`nama_penulis`, `penerbit`.`nama_penerbit`
FROM `buku`
JOIN `kategori` ON `kategori`.`id_kategori` = `buku`.`id_kategori`
JOIN `penulis` ON `penulis`.`id_penulis` = `buku`.`id_penulis`
JOIN `penerbit` ON `penerbit`.`id_penerbit` = `buku`.`id_penerbit`')
 3 SYSTEMPATH\Database\BaseConnection.php(646): CodeIgniter\Database\BaseConnection->simpleQuery('SELECT `buku`.*, `kategori`.`nama_kategori`, `penulis`.`nama_penulis`, `penerbit`.`nama_penerbit`
FROM `buku`
JOIN `kategori` ON `kategori`.`id_kategori` = `buku`.`id_kategori`
JOIN `penulis` ON `penulis`.`id_penulis` = `buku`.`id_penulis`
JOIN `penerbit` ON `penerbit`.`id_penerbit` = `buku`.`id_penerbit`')
 4 SYSTEMPATH\Database\BaseBuilder.php(1649): CodeIgniter\Database\BaseConnection->query('SELECT `buku`.*, `kategori`.`nama_kategori`, `penulis`.`nama_penulis`, `penerbit`.`nama_penerbit`
FROM `buku`
JOIN `kategori` ON `kategori`.`id_kategori` = `buku`.`id_kategori`
JOIN `penulis` ON `penulis`.`id_penulis` = `buku`.`id_penulis`
JOIN `penerbit` ON `penerbit`.`id_penerbit` = `buku`.`id_penerbit`', [], false)
 5 APPPATH\Controllers\BukuController.php(41): CodeIgniter\Database\BaseBuilder->get()
 6 SYSTEMPATH\CodeIgniter.php(933): App\Controllers\BukuController->index()
 7 SYSTEMPATH\CodeIgniter.php(507): CodeIgniter\CodeIgniter->runController(Object(App\Controllers\BukuController))
 8 SYSTEMPATH\CodeIgniter.php(354): CodeIgniter\CodeIgniter->handleRequest(null, Object(Config\Cache), false)
 9 SYSTEMPATH\Boot.php(363): CodeIgniter\CodeIgniter->run()
10 SYSTEMPATH\Boot.php(68): CodeIgniter\Boot::runCodeIgniter(Object(CodeIgniter\CodeIgniter))
11 FCPATH\index.php(59): CodeIgniter\Boot::bootWeb(Object(Config\Paths))
ERROR - 2026-04-15 18:00:24 --> mysqli_sql_exception: Table 'simpustaka.kategori' doesn't exist in C:\xampp\htdocs\SIMPUSTAKA\system\Database\MySQLi\Connection.php:327
Stack trace:
#0 C:\xampp\htdocs\SIMPUSTAKA\system\Database\MySQLi\Connection.php(327): mysqli->query('SELECT `buku`.*...', 0)
#1 C:\xampp\htdocs\SIMPUSTAKA\system\Database\BaseConnection.php(729): CodeIgniter\Database\MySQLi\Connection->execute('SELECT `buku`.*...')
#2 C:\xampp\htdocs\SIMPUSTAKA\system\Database\BaseConnection.php(646): CodeIgniter\Database\BaseConnection->simpleQuery('SELECT `buku`.*...')
#3 C:\xampp\htdocs\SIMPUSTAKA\system\Database\BaseBuilder.php(1649): CodeIgniter\Database\BaseConnection->query('SELECT `buku`.*...', Array, false)
#4 C:\xampp\htdocs\SIMPUSTAKA\app\Controllers\BukuController.php(41): CodeIgniter\Database\BaseBuilder->get()
#5 C:\xampp\htdocs\SIMPUSTAKA\system\CodeIgniter.php(933): App\Controllers\BukuController->index()
#6 C:\xampp\htdocs\SIMPUSTAKA\system\CodeIgniter.php(507): CodeIgniter\CodeIgniter->runController(Object(App\Controllers\BukuController))
#7 C:\xampp\htdocs\SIMPUSTAKA\system\CodeIgniter.php(354): CodeIgniter\CodeIgniter->handleRequest(NULL, Object(Config\Cache), false)
#8 C:\xampp\htdocs\SIMPUSTAKA\system\Boot.php(363): CodeIgniter\CodeIgniter->run()
#9 C:\xampp\htdocs\SIMPUSTAKA\system\Boot.php(68): CodeIgniter\Boot::runCodeIgniter(Object(CodeIgniter\CodeIgniter))
#10 C:\xampp\htdocs\SIMPUSTAKA\index.php(59): CodeIgniter\Boot::bootWeb(Object(Config\Paths))
#11 {main}
CRITICAL - 2026-04-15 18:00:24 --> CodeIgniter\Database\Exceptions\DatabaseException: Table 'simpustaka.kategori' doesn't exist
[Method: GET, Route: buku]
in SYSTEMPATH\Database\BaseConnection.php on line 684.
 1 SYSTEMPATH\Database\BaseBuilder.php(1649): CodeIgniter\Database\BaseConnection->query('SELECT `buku`.*, `kategori`.`nama_kategori`, `penulis`.`nama_penulis`, `penerbit`.`nama_penerbit`
FROM `buku`
JOIN `kategori` ON `kategori`.`id_kategori` = `buku`.`id_kategori`
JOIN `penulis` ON `penulis`.`id_penulis` = `buku`.`id_penulis`
JOIN `penerbit` ON `penerbit`.`id_penerbit` = `buku`.`id_penerbit`', [], false)
 2 APPPATH\Controllers\BukuController.php(41): CodeIgniter\Database\BaseBuilder->get()
 3 SYSTEMPATH\CodeIgniter.php(933): App\Controllers\BukuController->index()
 4 SYSTEMPATH\CodeIgniter.php(507): CodeIgniter\CodeIgniter->runController(Object(App\Controllers\BukuController))
 5 SYSTEMPATH\CodeIgniter.php(354): CodeIgniter\CodeIgniter->handleRequest(null, Object(Config\Cache), false)
 6 SYSTEMPATH\Boot.php(363): CodeIgniter\CodeIgniter->run()
 7 SYSTEMPATH\Boot.php(68): CodeIgniter\Boot::runCodeIgniter(Object(CodeIgniter\CodeIgniter))
 8 FCPATH\index.php(59): CodeIgniter\Boot::bootWeb(Object(Config\Paths))
CRITICAL - 2026-04-15 18:00:24 --> [Caused by] CodeIgniter\Database\Exceptions\DatabaseException: Table 'simpustaka.kategori' doesn't exist
in SYSTEMPATH\Database\MySQLi\Connection.php on line 332.
 1 SYSTEMPATH\Database\BaseConnection.php(729): CodeIgniter\Database\MySQLi\Connection->execute('SELECT `buku`.*, `kategori`.`nama_kategori`, `penulis`.`nama_penulis`, `penerbit`.`nama_penerbit`
FROM `buku`
JOIN `kategori` ON `kategori`.`id_kategori` = `buku`.`id_kategori`
JOIN `penulis` ON `penulis`.`id_penulis` = `buku`.`id_penulis`
JOIN `penerbit` ON `penerbit`.`id_penerbit` = `buku`.`id_penerbit`')
 2 SYSTEMPATH\Database\BaseConnection.php(646): CodeIgniter\Database\BaseConnection->simpleQuery('SELECT `buku`.*, `kategori`.`nama_kategori`, `penulis`.`nama_penulis`, `penerbit`.`nama_penerbit`
FROM `buku`
JOIN `kategori` ON `kategori`.`id_kategori` = `buku`.`id_kategori`
JOIN `penulis` ON `penulis`.`id_penulis` = `buku`.`id_penulis`
JOIN `penerbit` ON `penerbit`.`id_penerbit` = `buku`.`id_penerbit`')
 3 SYSTEMPATH\Database\BaseBuilder.php(1649): CodeIgniter\Database\BaseConnection->query('SELECT `buku`.*, `kategori`.`nama_kategori`, `penulis`.`nama_penulis`, `penerbit`.`nama_penerbit`
FROM `buku`
JOIN `kategori` ON `kategori`.`id_kategori` = `buku`.`id_kategori`
JOIN `penulis` ON `penulis`.`id_penulis` = `buku`.`id_penulis`
JOIN `penerbit` ON `penerbit`.`id_penerbit` = `buku`.`id_penerbit`', [], false)
 4 APPPATH\Controllers\BukuController.php(41): CodeIgniter\Database\BaseBuilder->get()
 5 SYSTEMPATH\CodeIgniter.php(933): App\Controllers\BukuController->index()
 6 SYSTEMPATH\CodeIgniter.php(507): CodeIgniter\CodeIgniter->runController(Object(App\Controllers\BukuController))
 7 SYSTEMPATH\CodeIgniter.php(354): CodeIgniter\CodeIgniter->handleRequest(null, Object(Config\Cache), false)
 8 SYSTEMPATH\Boot.php(363): CodeIgniter\CodeIgniter->run()
 9 SYSTEMPATH\Boot.php(68): CodeIgniter\Boot::runCodeIgniter(Object(CodeIgniter\CodeIgniter))
10 FCPATH\index.php(59): CodeIgniter\Boot::bootWeb(Object(Config\Paths))
CRITICAL - 2026-04-15 18:00:24 --> [Caused by] mysqli_sql_exception: Table 'simpustaka.kategori' doesn't exist
in SYSTEMPATH\Database\MySQLi\Connection.php on line 327.
 1 SYSTEMPATH\Database\MySQLi\Connection.php(327): mysqli->query('SELECT `buku`.*, `kategori`.`nama_kategori`, `penulis`.`nama_penulis`, `penerbit`.`nama_penerbit`
FROM `buku`
JOIN `kategori` ON `kategori`.`id_kategori` = `buku`.`id_kategori`
JOIN `penulis` ON `penulis`.`id_penulis` = `buku`.`id_penulis`
JOIN `penerbit` ON `penerbit`.`id_penerbit` = `buku`.`id_penerbit`', 0)
 2 SYSTEMPATH\Database\BaseConnection.php(729): CodeIgniter\Database\MySQLi\Connection->execute('SELECT `buku`.*, `kategori`.`nama_kategori`, `penulis`.`nama_penulis`, `penerbit`.`nama_penerbit`
FROM `buku`
JOIN `kategori` ON `kategori`.`id_kategori` = `buku`.`id_kategori`
JOIN `penulis` ON `penulis`.`id_penulis` = `buku`.`id_penulis`
JOIN `penerbit` ON `penerbit`.`id_penerbit` = `buku`.`id_penerbit`')
 3 SYSTEMPATH\Database\BaseConnection.php(646): CodeIgniter\Database\BaseConnection->simpleQuery('SELECT `buku`.*, `kategori`.`nama_kategori`, `penulis`.`nama_penulis`, `penerbit`.`nama_penerbit`
FROM `buku`
JOIN `kategori` ON `kategori`.`id_kategori` = `buku`.`id_kategori`
JOIN `penulis` ON `penulis`.`id_penulis` = `buku`.`id_penulis`
JOIN `penerbit` ON `penerbit`.`id_penerbit` = `buku`.`id_penerbit`')
 4 SYSTEMPATH\Database\BaseBuilder.php(1649): CodeIgniter\Database\BaseConnection->query('SELECT `buku`.*, `kategori`.`nama_kategori`, `penulis`.`nama_penulis`, `penerbit`.`nama_penerbit`
FROM `buku`
JOIN `kategori` ON `kategori`.`id_kategori` = `buku`.`id_kategori`
JOIN `penulis` ON `penulis`.`id_penulis` = `buku`.`id_penulis`
JOIN `penerbit` ON `penerbit`.`id_penerbit` = `buku`.`id_penerbit`', [], false)
 5 APPPATH\Controllers\BukuController.php(41): CodeIgniter\Database\BaseBuilder->get()
 6 SYSTEMPATH\CodeIgniter.php(933): App\Controllers\BukuController->index()
 7 SYSTEMPATH\CodeIgniter.php(507): CodeIgniter\CodeIgniter->runController(Object(App\Controllers\BukuController))
 8 SYSTEMPATH\CodeIgniter.php(354): CodeIgniter\CodeIgniter->handleRequest(null, Object(Config\Cache), false)
 9 SYSTEMPATH\Boot.php(363): CodeIgniter\CodeIgniter->run()
10 SYSTEMPATH\Boot.php(68): CodeIgniter\Boot::runCodeIgniter(Object(CodeIgniter\CodeIgniter))
11 FCPATH\index.php(59): CodeIgniter\Boot::bootWeb(Object(Config\Paths))
ERROR - 2026-04-15 18:00:27 --> mysqli_sql_exception: Table 'simpustaka.kategori' doesn't exist in C:\xampp\htdocs\SIMPUSTAKA\system\Database\MySQLi\Connection.php:327
Stack trace:
#0 C:\xampp\htdocs\SIMPUSTAKA\system\Database\MySQLi\Connection.php(327): mysqli->query('SELECT `buku`.*...', 0)
#1 C:\xampp\htdocs\SIMPUSTAKA\system\Database\BaseConnection.php(729): CodeIgniter\Database\MySQLi\Connection->execute('SELECT `buku`.*...')
#2 C:\xampp\htdocs\SIMPUSTAKA\system\Database\BaseConnection.php(646): CodeIgniter\Database\BaseConnection->simpleQuery('SELECT `buku`.*...')
#3 C:\xampp\htdocs\SIMPUSTAKA\system\Database\BaseBuilder.php(1649): CodeIgniter\Database\BaseConnection->query('SELECT `buku`.*...', Array, false)
#4 C:\xampp\htdocs\SIMPUSTAKA\app\Controllers\BukuController.php(41): CodeIgniter\Database\BaseBuilder->get()
#5 C:\xampp\htdocs\SIMPUSTAKA\system\CodeIgniter.php(933): App\Controllers\BukuController->index()
#6 C:\xampp\htdocs\SIMPUSTAKA\system\CodeIgniter.php(507): CodeIgniter\CodeIgniter->runController(Object(App\Controllers\BukuController))
#7 C:\xampp\htdocs\SIMPUSTAKA\system\CodeIgniter.php(354): CodeIgniter\CodeIgniter->handleRequest(NULL, Object(Config\Cache), false)
#8 C:\xampp\htdocs\SIMPUSTAKA\system\Boot.php(363): CodeIgniter\CodeIgniter->run()
#9 C:\xampp\htdocs\SIMPUSTAKA\system\Boot.php(68): CodeIgniter\Boot::runCodeIgniter(Object(CodeIgniter\CodeIgniter))
#10 C:\xampp\htdocs\SIMPUSTAKA\index.php(59): CodeIgniter\Boot::bootWeb(Object(Config\Paths))
#11 {main}
CRITICAL - 2026-04-15 18:00:27 --> CodeIgniter\Database\Exceptions\DatabaseException: Table 'simpustaka.kategori' doesn't exist
[Method: GET, Route: buku]
in SYSTEMPATH\Database\BaseConnection.php on line 684.
 1 SYSTEMPATH\Database\BaseBuilder.php(1649): CodeIgniter\Database\BaseConnection->query('SELECT `buku`.*, `kategori`.`nama_kategori`, `penulis`.`nama_penulis`, `penerbit`.`nama_penerbit`
FROM `buku`
JOIN `kategori` ON `kategori`.`id_kategori` = `buku`.`id_kategori`
JOIN `penulis` ON `penulis`.`id_penulis` = `buku`.`id_penulis`
JOIN `penerbit` ON `penerbit`.`id_penerbit` = `buku`.`id_penerbit`', [], false)
 2 APPPATH\Controllers\BukuController.php(41): CodeIgniter\Database\BaseBuilder->get()
 3 SYSTEMPATH\CodeIgniter.php(933): App\Controllers\BukuController->index()
 4 SYSTEMPATH\CodeIgniter.php(507): CodeIgniter\CodeIgniter->runController(Object(App\Controllers\BukuController))
 5 SYSTEMPATH\CodeIgniter.php(354): CodeIgniter\CodeIgniter->handleRequest(null, Object(Config\Cache), false)
 6 SYSTEMPATH\Boot.php(363): CodeIgniter\CodeIgniter->run()
 7 SYSTEMPATH\Boot.php(68): CodeIgniter\Boot::runCodeIgniter(Object(CodeIgniter\CodeIgniter))
 8 FCPATH\index.php(59): CodeIgniter\Boot::bootWeb(Object(Config\Paths))
CRITICAL - 2026-04-15 18:00:27 --> [Caused by] CodeIgniter\Database\Exceptions\DatabaseException: Table 'simpustaka.kategori' doesn't exist
in SYSTEMPATH\Database\MySQLi\Connection.php on line 332.
 1 SYSTEMPATH\Database\BaseConnection.php(729): CodeIgniter\Database\MySQLi\Connection->execute('SELECT `buku`.*, `kategori`.`nama_kategori`, `penulis`.`nama_penulis`, `penerbit`.`nama_penerbit`
FROM `buku`
JOIN `kategori` ON `kategori`.`id_kategori` = `buku`.`id_kategori`
JOIN `penulis` ON `penulis`.`id_penulis` = `buku`.`id_penulis`
JOIN `penerbit` ON `penerbit`.`id_penerbit` = `buku`.`id_penerbit`')
 2 SYSTEMPATH\Database\BaseConnection.php(646): CodeIgniter\Database\BaseConnection->simpleQuery('SELECT `buku`.*, `kategori`.`nama_kategori`, `penulis`.`nama_penulis`, `penerbit`.`nama_penerbit`
FROM `buku`
JOIN `kategori` ON `kategori`.`id_kategori` = `buku`.`id_kategori`
JOIN `penulis` ON `penulis`.`id_penulis` = `buku`.`id_penulis`
JOIN `penerbit` ON `penerbit`.`id_penerbit` = `buku`.`id_penerbit`')
 3 SYSTEMPATH\Database\BaseBuilder.php(1649): CodeIgniter\Database\BaseConnection->query('SELECT `buku`.*, `kategori`.`nama_kategori`, `penulis`.`nama_penulis`, `penerbit`.`nama_penerbit`
FROM `buku`
JOIN `kategori` ON `kategori`.`id_kategori` = `buku`.`id_kategori`
JOIN `penulis` ON `penulis`.`id_penulis` = `buku`.`id_penulis`
JOIN `penerbit` ON `penerbit`.`id_penerbit` = `buku`.`id_penerbit`', [], false)
 4 APPPATH\Controllers\BukuController.php(41): CodeIgniter\Database\BaseBuilder->get()
 5 SYSTEMPATH\CodeIgniter.php(933): App\Controllers\BukuController->index()
 6 SYSTEMPATH\CodeIgniter.php(507): CodeIgniter\CodeIgniter->runController(Object(App\Controllers\BukuController))
 7 SYSTEMPATH\CodeIgniter.php(354): CodeIgniter\CodeIgniter->handleRequest(null, Object(Config\Cache), false)
 8 SYSTEMPATH\Boot.php(363): CodeIgniter\CodeIgniter->run()
 9 SYSTEMPATH\Boot.php(68): CodeIgniter\Boot::runCodeIgniter(Object(CodeIgniter\CodeIgniter))
10 FCPATH\index.php(59): CodeIgniter\Boot::bootWeb(Object(Config\Paths))
CRITICAL - 2026-04-15 18:00:27 --> [Caused by] mysqli_sql_exception: Table 'simpustaka.kategori' doesn't exist
in SYSTEMPATH\Database\MySQLi\Connection.php on line 327.
 1 SYSTEMPATH\Database\MySQLi\Connection.php(327): mysqli->query('SELECT `buku`.*, `kategori`.`nama_kategori`, `penulis`.`nama_penulis`, `penerbit`.`nama_penerbit`
FROM `buku`
JOIN `kategori` ON `kategori`.`id_kategori` = `buku`.`id_kategori`
JOIN `penulis` ON `penulis`.`id_penulis` = `buku`.`id_penulis`
JOIN `penerbit` ON `penerbit`.`id_penerbit` = `buku`.`id_penerbit`', 0)
 2 SYSTEMPATH\Database\BaseConnection.php(729): CodeIgniter\Database\MySQLi\Connection->execute('SELECT `buku`.*, `kategori`.`nama_kategori`, `penulis`.`nama_penulis`, `penerbit`.`nama_penerbit`
FROM `buku`
JOIN `kategori` ON `kategori`.`id_kategori` = `buku`.`id_kategori`
JOIN `penulis` ON `penulis`.`id_penulis` = `buku`.`id_penulis`
JOIN `penerbit` ON `penerbit`.`id_penerbit` = `buku`.`id_penerbit`')
 3 SYSTEMPATH\Database\BaseConnection.php(646): CodeIgniter\Database\BaseConnection->simpleQuery('SELECT `buku`.*, `kategori`.`nama_kategori`, `penulis`.`nama_penulis`, `penerbit`.`nama_penerbit`
FROM `buku`
JOIN `kategori` ON `kategori`.`id_kategori` = `buku`.`id_kategori`
JOIN `penulis` ON `penulis`.`id_penulis` = `buku`.`id_penulis`
JOIN `penerbit` ON `penerbit`.`id_penerbit` = `buku`.`id_penerbit`')
 4 SYSTEMPATH\Database\BaseBuilder.php(1649): CodeIgniter\Database\BaseConnection->query('SELECT `buku`.*, `kategori`.`nama_kategori`, `penulis`.`nama_penulis`, `penerbit`.`nama_penerbit`
FROM `buku`
JOIN `kategori` ON `kategori`.`id_kategori` = `buku`.`id_kategori`
JOIN `penulis` ON `penulis`.`id_penulis` = `buku`.`id_penulis`
JOIN `penerbit` ON `penerbit`.`id_penerbit` = `buku`.`id_penerbit`', [], false)
 5 APPPATH\Controllers\BukuController.php(41): CodeIgniter\Database\BaseBuilder->get()
 6 SYSTEMPATH\CodeIgniter.php(933): App\Controllers\BukuController->index()
 7 SYSTEMPATH\CodeIgniter.php(507): CodeIgniter\CodeIgniter->runController(Object(App\Controllers\BukuController))
 8 SYSTEMPATH\CodeIgniter.php(354): CodeIgniter\CodeIgniter->handleRequest(null, Object(Config\Cache), false)
 9 SYSTEMPATH\Boot.php(363): CodeIgniter\CodeIgniter->run()
10 SYSTEMPATH\Boot.php(68): CodeIgniter\Boot::runCodeIgniter(Object(CodeIgniter\CodeIgniter))
11 FCPATH\index.php(59): CodeIgniter\Boot::bootWeb(Object(Config\Paths))
DEBUG - 2026-04-15 18:18:07 --> Session: Class initialized using 'CodeIgniter\Session\Handlers\FileHandler' driver.
DEBUG - 2026-04-15 18:18:41 --> Session: Class initialized using 'CodeIgniter\Session\Handlers\FileHandler' driver.
DEBUG - 2026-04-15 18:20:40 --> Session: Class initialized using 'CodeIgniter\Session\Handlers\FileHandler' driver.
DEBUG - 2026-04-15 18:20:43 --> Session: Class initialized using 'CodeIgniter\Session\Handlers\FileHandler' driver.
DEBUG - 2026-04-15 18:20:46 --> Session: Class initialized using 'CodeIgniter\Session\Handlers\FileHandler' driver.
DEBUG - 2026-04-15 18:20:48 --> Session: Class initialized using 'CodeIgniter\Session\Handlers\FileHandler' driver.
DEBUG - 2026-04-15 18:20:50 --> Session: Class initialized using 'CodeIgniter\Session\Handlers\FileHandler' driver.
DEBUG - 2026-04-15 18:20:55 --> Session: Class initialized using 'CodeIgniter\Session\Handlers\FileHandler' driver.
DEBUG - 2026-04-15 18:29:24 --> Session: Class initialized using 'CodeIgniter\Session\Handlers\FileHandler' driver.
DEBUG - 2026-04-15 18:31:49 --> Session: Class initialized using 'CodeIgniter\Session\Handlers\FileHandler' driver.
DEBUG - 2026-04-15 18:37:01 --> Session: Class initialized using 'CodeIgniter\Session\Handlers\FileHandler' driver.
DEBUG - 2026-04-15 18:37:04 --> Session: Class initialized using 'CodeIgniter\Session\Handlers\FileHandler' driver.
DEBUG - 2026-04-15 18:37:05 --> Session: Class initialized using 'CodeIgniter\Session\Handlers\FileHandler' driver.
DEBUG - 2026-04-15 18:37:11 --> Session: Class initialized using 'CodeIgniter\Session\Handlers\FileHandler' driver.
DEBUG - 2026-04-15 18:37:21 --> Session: Class initialized using 'CodeIgniter\Session\Handlers\FileHandler' driver.
DEBUG - 2026-04-15 18:37:27 --> Session: Class initialized using 'CodeIgniter\Session\Handlers\FileHandler' driver.
DEBUG - 2026-04-15 18:37:27 --> Session: Class initialized using 'CodeIgniter\Session\Handlers\FileHandler' driver.
DEBUG - 2026-04-15 18:37:34 --> Session: Class initialized using 'CodeIgniter\Session\Handlers\FileHandler' driver.
DEBUG - 2026-04-15 18:37:34 --> Session: Class initialized using 'CodeIgniter\Session\Handlers\FileHandler' driver.
DEBUG - 2026-04-15 18:37:36 --> Session: Class initialized using 'CodeIgniter\Session\Handlers\FileHandler' driver.
DEBUG - 2026-04-15 18:37:36 --> Session: Class initialized using 'CodeIgniter\Session\Handlers\FileHandler' driver.
DEBUG - 2026-04-15 18:37:45 --> Session: Class initialized using 'CodeIgniter\Session\Handlers\FileHandler' driver.
DEBUG - 2026-04-15 18:37:46 --> Session: Class initialized using 'CodeIgniter\Session\Handlers\FileHandler' driver.
DEBUG - 2026-04-15 18:37:50 --> Session: Class initialized using 'CodeIgniter\Session\Handlers\FileHandler' driver.
DEBUG - 2026-04-15 18:37:54 --> Session: Class initialized using 'CodeIgniter\Session\Handlers\FileHandler' driver.
DEBUG - 2026-04-15 18:37:54 --> Session: Class initialized using 'CodeIgniter\Session\Handlers\FileHandler' driver.
DEBUG - 2026-04-15 18:37:57 --> Session: Class initialized using 'CodeIgniter\Session\Handlers\FileHandler' driver.
DEBUG - 2026-04-15 18:37:57 --> Session: Class initialized using 'CodeIgniter\Session\Handlers\FileHandler' driver.
DEBUG - 2026-04-15 18:38:06 --> Session: Class initialized using 'CodeIgniter\Session\Handlers\FileHandler' driver.
DEBUG - 2026-04-15 18:38:06 --> Session: Class initialized using 'CodeIgniter\Session\Handlers\FileHandler' driver.
DEBUG - 2026-04-15 18:38:14 --> Session: Class initialized using 'CodeIgniter\Session\Handlers\FileHandler' driver.
DEBUG - 2026-04-15 18:38:14 --> Session: Class initialized using 'CodeIgniter\Session\Handlers\FileHandler' driver.
DEBUG - 2026-04-15 18:38:25 --> Session: Class initialized using 'CodeIgniter\Session\Handlers\FileHandler' driver.
DEBUG - 2026-04-15 18:38:25 --> Session: Class initialized using 'CodeIgniter\Session\Handlers\FileHandler' driver.
DEBUG - 2026-04-15 18:38:39 --> Session: Class initialized using 'CodeIgniter\Session\Handlers\FileHandler' driver.
DEBUG - 2026-04-15 18:38:40 --> Session: Class initialized using 'CodeIgniter\Session\Handlers\FileHandler' driver.
DEBUG - 2026-04-15 18:38:49 --> Session: Class initialized using 'CodeIgniter\Session\Handlers\FileHandler' driver.
DEBUG - 2026-04-15 18:38:49 --> Session: Class initialized using 'CodeIgniter\Session\Handlers\FileHandler' driver.
DEBUG - 2026-04-15 18:39:44 --> Session: Class initialized using 'CodeIgniter\Session\Handlers\FileHandler' driver.
DEBUG - 2026-04-15 18:39:44 --> Session: Class initialized using 'CodeIgniter\Session\Handlers\FileHandler' driver.
DEBUG - 2026-04-15 20:53:42 --> Session: Class initialized using 'CodeIgniter\Session\Handlers\FileHandler' driver.
DEBUG - 2026-04-15 20:53:42 --> Session: Class initialized using 'CodeIgniter\Session\Handlers\FileHandler' driver.
DEBUG - 2026-04-15 20:53:48 --> Session: Class initialized using 'CodeIgniter\Session\Handlers\FileHandler' driver.
DEBUG - 2026-04-15 20:53:48 --> Session: Class initialized using 'CodeIgniter\Session\Handlers\FileHandler' driver.
DEBUG - 2026-04-15 20:53:53 --> Session: Class initialized using 'CodeIgniter\Session\Handlers\FileHandler' driver.
DEBUG - 2026-04-15 20:53:59 --> Session: Class initialized using 'CodeIgniter\Session\Handlers\FileHandler' driver.
DEBUG - 2026-04-15 20:54:06 --> Session: Class initialized using 'CodeIgniter\Session\Handlers\FileHandler' driver.
DEBUG - 2026-04-15 20:54:10 --> Session: Class initialized using 'CodeIgniter\Session\Handlers\FileHandler' driver.
DEBUG - 2026-04-15 20:54:11 --> Session: Class initialized using 'CodeIgniter\Session\Handlers\FileHandler' driver.
DEBUG - 2026-04-15 20:54:12 --> Session: Class initialized using 'CodeIgniter\Session\Handlers\FileHandler' driver.
DEBUG - 2026-04-15 20:54:13 --> Session: Class initialized using 'CodeIgniter\Session\Handlers\FileHandler' driver.
DEBUG - 2026-04-15 20:54:14 --> Session: Class initialized using 'CodeIgniter\Session\Handlers\FileHandler' driver.
DEBUG - 2026-04-15 20:57:55 --> Session: Class initialized using 'CodeIgniter\Session\Handlers\FileHandler' driver.
DEBUG - 2026-04-15 20:57:56 --> Session: Class initialized using 'CodeIgniter\Session\Handlers\FileHandler' driver.
DEBUG - 2026-04-15 20:57:57 --> Session: Class initialized using 'CodeIgniter\Session\Handlers\FileHandler' driver.
